[1] Log opened at 2022-07-02 16:32:20.983372
[1] [Step Debug] INFO: Connecting to configured address/port: host.docker.internal:9003.
[1] [Step Debug] WARN: Creating socket for 'host.docker.internal:9003', poll success, but error: Operation in progress (29).
[1] [Step Debug] ERR: Could not connect to debugging client. Tried: host.docker.internal:9003 (through xdebug.client_host/xdebug.client_port) :-(
[1] [Step Debug] INFO: Connecting to configured address/port: host.docker.internal:9003.
[1] [Step Debug] WARN: Creating socket for 'host.docker.internal:9003', poll success, but error: Operation in progress (29).
[1] [Step Debug] ERR: Could not connect to debugging client. Tried: host.docker.internal:9003 (through xdebug.client_host/xdebug.client_port) :-(
[1] [Step Debug] INFO: Connecting to configured address/port: host.docker.internal:9003.
[1] [Step Debug] WARN: Creating socket for 'host.docker.internal:9003', poll success, but error: Operation in progress (29).
[1] [Step Debug] ERR: Could not connect to debugging client. Tried: host.docker.internal:9003 (through xdebug.client_host/xdebug.client_port) :-(
[1] [Step Debug] INFO: Connecting to configured address/port: host.docker.internal:9003.
[1] [Step Debug] WARN: Creating socket for 'host.docker.internal:9003', poll success, but error: Operation in progress (29).
[1] [Step Debug] ERR: Could not connect to debugging client. Tried: host.docker.internal:9003 (through xdebug.client_host/xdebug.client_port) :-(
[1] [Step Debug] INFO: Connecting to configured address/port: host.docker.internal:9003.
[1] [Step Debug] WARN: Creating socket for 'host.docker.internal:9003', poll success, but error: Operation in progress (29).
[1] [Step Debug] ERR: Could not connect to debugging client. Tried: host.docker.internal:9003 (through xdebug.client_host/xdebug.client_port) :-(
[1] [Step Debug] INFO: Connecting to configured address/port: host.docker.internal:9003.
[1] [Step Debug] WARN: Creating socket for 'host.docker.internal:9003', poll success, but error: Operation in progress (29).
[1] [Step Debug] ERR: Could not connect to debugging client. Tried: host.docker.internal:9003 (through xdebug.client_host/xdebug.client_port) :-(
[1] Log closed at 2022-07-02 16:32:24.838329

[1] Log opened at 2022-07-02 16:32:52.254699
[1] [Step Debug] INFO: Connecting to configured address/port: host.docker.internal:9003.
[1] [Step Debug] WARN: Creating socket for 'host.docker.internal:9003', poll success, but error: Operation in progress (29).
[1] [Step Debug] ERR: Could not connect to debugging client. Tried: host.docker.internal:9003 (through xdebug.client_host/xdebug.client_port) :-(
[1] Log opened at 2022-07-02 16:32:52.777526
[1] [Step Debug] INFO: Connecting to configured address/port: host.docker.internal:9003.
[1] [Step Debug] WARN: Creating socket for 'host.docker.internal:9003', poll success, but error: Operation in progress (29).
[1] [Step Debug] ERR: Could not connect to debugging client. Tried: host.docker.internal:9003 (through xdebug.client_host/xdebug.client_port) :-(
[1] [Step Debug] INFO: Connecting to configured address/port: host.docker.internal:9003.
[1] [Step Debug] WARN: Creating socket for 'host.docker.internal:9003', poll success, but error: Operation in progress (29).
[1] [Step Debug] ERR: Could not connect to debugging client. Tried: host.docker.internal:9003 (through xdebug.client_host/xdebug.client_port) :-(
[1] [Step Debug] INFO: Connecting to configured address/port: host.docker.internal:9003.
[1] [Step Debug] WARN: Creating socket for 'host.docker.internal:9003', poll success, but error: Operation in progress (29).
[1] [Step Debug] ERR: Could not connect to debugging client. Tried: host.docker.internal:9003 (through xdebug.client_host/xdebug.client_port) :-(
[1] [Step Debug] INFO: Connecting to configured address/port: host.docker.internal:9003.
[1] [Step Debug] WARN: Creating socket for 'host.docker.internal:9003', poll success, but error: Operation in progress (29).
[1] [Step Debug] ERR: Could not connect to debugging client. Tried: host.docker.internal:9003 (through xdebug.client_host/xdebug.client_port) :-(
[1] [Step Debug] INFO: Connecting to configured address/port: host.docker.internal:9003.
[1] [Step Debug] WARN: Creating socket for 'host.docker.internal:9003', poll success, but error: Operation in progress (29).
[1] [Step Debug] ERR: Could not connect to debugging client. Tried: host.docker.internal:9003 (through xdebug.client_host/xdebug.client_port) :-(
[1] [Step Debug] INFO: Connecting to configured address/port: host.docker.internal:9003.
[1] [Step Debug] WARN: Creating socket for 'host.docker.internal:9003', poll success, but error: Operation in progress (29).
[1] [Step Debug] ERR: Could not connect to debugging client. Tried: host.docker.internal:9003 (through xdebug.client_host/xdebug.client_port) :-(
[1] Log closed at 2022-07-02 16:32:53.936324

[1] [Step Debug] INFO: Connecting to configured address/port: host.docker.internal:9003.
[1] [Step Debug] WARN: Creating socket for 'host.docker.internal:9003', poll success, but error: Operation in progress (29).
[1] [Step Debug] ERR: Could not connect to debugging client. Tried: host.docker.internal:9003 (through xdebug.client_host/xdebug.client_port) :-(
[1] [Step Debug] INFO: Connecting to configured address/port: host.docker.internal:9003.
[1] [Step Debug] WARN: Creating socket for 'host.docker.internal:9003', poll success, but error: Operation in progress (29).
[1] [Step Debug] ERR: Could not connect to debugging client. Tried: host.docker.internal:9003 (through xdebug.client_host/xdebug.client_port) :-(
[1] [Step Debug] INFO: Connecting to configured address/port: host.docker.internal:9003.
[1] [Step Debug] WARN: Creating socket for 'host.docker.internal:9003', poll success, but error: Operation in progress (29).
[1] [Step Debug] ERR: Could not connect to debugging client. Tried: host.docker.internal:9003 (through xdebug.client_host/xdebug.client_port) :-(
[1] [Step Debug] INFO: Connecting to configured address/port: host.docker.internal:9003.
[1] [Step Debug] WARN: Creating socket for 'host.docker.internal:9003', poll success, but error: Operation in progress (29).
[1] [Step Debug] ERR: Could not connect to debugging client. Tried: host.docker.internal:9003 (through xdebug.client_host/xdebug.client_port) :-(
[1] [Step Debug] INFO: Connecting to configured address/port: host.docker.internal:9003.
[1] [Step Debug] WARN: Creating socket for 'host.docker.internal:9003', poll success, but error: Operation in progress (29).
[1] [Step Debug] ERR: Could not connect to debugging client. Tried: host.docker.internal:9003 (through xdebug.client_host/xdebug.client_port) :-(
[1] Log closed at 2022-07-02 16:32:54.182367

[1] Log opened at 2022-07-02 16:33:28.661410
[1] [Step Debug] INFO: Connecting to configured address/port: host.docker.internal:9003.
[1] [Step Debug] WARN: Creating socket for 'host.docker.internal:9003', poll success, but error: Operation in progress (29).
[1] [Step Debug] ERR: Could not connect to debugging client. Tried: host.docker.internal:9003 (through xdebug.client_host/xdebug.client_port) :-(
[1] Log opened at 2022-07-02 16:33:29.203095
[1] [Step Debug] INFO: Connecting to configured address/port: host.docker.internal:9003.
[1] [Step Debug] WARN: Creating socket for 'host.docker.internal:9003', poll success, but error: Operation in progress (29).
[1] [Step Debug] ERR: Could not connect to debugging client. Tried: host.docker.internal:9003 (through xdebug.client_host/xdebug.client_port) :-(
[1] [Step Debug] INFO: Connecting to configured address/port: host.docker.internal:9003.
[1] [Step Debug] WARN: Creating socket for 'host.docker.internal:9003', poll success, but error: Operation in progress (29).
[1] [Step Debug] ERR: Could not connect to debugging client. Tried: host.docker.internal:9003 (through xdebug.client_host/xdebug.client_port) :-(
[1] [Step Debug] INFO: Connecting to configured address/port: host.docker.internal:9003.
[1] [Step Debug] WARN: Creating socket for 'host.docker.internal:9003', poll success, but error: Operation in progress (29).
[1] [Step Debug] ERR: Could not connect to debugging client. Tried: host.docker.internal:9003 (through xdebug.client_host/xdebug.client_port) :-(
[1] [Step Debug] INFO: Connecting to configured address/port: host.docker.internal:9003.
[1] [Step Debug] WARN: Creating socket for 'host.docker.internal:9003', poll success, but error: Operation in progress (29).
[1] [Step Debug] ERR: Could not connect to debugging client. Tried: host.docker.internal:9003 (through xdebug.client_host/xdebug.client_port) :-(
[1] [Step Debug] INFO: Connecting to configured address/port: host.docker.internal:9003.
[1] [Step Debug] WARN: Creating socket for 'host.docker.internal:9003', poll success, but error: Operation in progress (29).
[1] [Step Debug] ERR: Could not connect to debugging client. Tried: host.docker.internal:9003 (through xdebug.client_host/xdebug.client_port) :-(
[1] [Step Debug] INFO: Connecting to configured address/port: host.docker.internal:9003.
[1] [Step Debug] WARN: Creating socket for 'host.docker.internal:9003', poll success, but error: Operation in progress (29).
[1] [Step Debug] ERR: Could not connect to debugging client. Tried: host.docker.internal:9003 (through xdebug.client_host/xdebug.client_port) :-(
[1] Log closed at 2022-07-02 16:33:29.790223

[8] Log opened at 2022-07-02 16:34:07.842043
[8] [Step Debug] INFO: Connecting to configured address/port: host.docker.internal:9003.
[8] [Step Debug] WARN: Creating socket for 'host.docker.internal:9003', poll success, but error: Operation in progress (29).
[8] [Step Debug] ERR: Could not connect to debugging client. Tried: host.docker.internal:9003 (through xdebug.client_host/xdebug.client_port) :-(
[7] Log opened at 2022-07-02 16:34:09.040339
[7] [Step Debug] INFO: Connecting to configured address/port: host.docker.internal:9003.
[7] [Step Debug] WARN: Creating socket for 'host.docker.internal:9003', poll success, but error: Operation in progress (29).
[7] [Step Debug] ERR: Could not connect to debugging client. Tried: host.docker.internal:9003 (through xdebug.client_host/xdebug.client_port) :-(
[8] [Step Debug] INFO: Connecting to configured address/port: host.docker.internal:9003.
[8] [Step Debug] WARN: Creating socket for 'host.docker.internal:9003', poll success, but error: Operation in progress (29).
[8] [Step Debug] ERR: Could not connect to debugging client. Tried: host.docker.internal:9003 (through xdebug.client_host/xdebug.client_port) :-(
[8] [Step Debug] INFO: Connecting to configured address/port: host.docker.internal:9003.
[8] [Step Debug] WARN: Creating socket for 'host.docker.internal:9003', poll success, but error: Operation in progress (29).
[8] [Step Debug] ERR: Could not connect to debugging client. Tried: host.docker.internal:9003 (through xdebug.client_host/xdebug.client_port) :-(
[8] [Step Debug] INFO: Connecting to configured address/port: host.docker.internal:9003.
[8] [Step Debug] WARN: Creating socket for 'host.docker.internal:9003', poll success, but error: Operation in progress (29).
[8] [Step Debug] ERR: Could not connect to debugging client. Tried: host.docker.internal:9003 (through xdebug.client_host/xdebug.client_port) :-(
[8] [Step Debug] INFO: Connecting to configured address/port: host.docker.internal:9003.
[8] [Step Debug] WARN: Creating socket for 'host.docker.internal:9003', poll success, but error: Operation in progress (29).
[8] [Step Debug] ERR: Could not connect to debugging client. Tried: host.docker.internal:9003 (through xdebug.client_host/xdebug.client_port) :-(
[8] [Step Debug] INFO: Connecting to configured address/port: host.docker.internal:9003.
[8] [Step Debug] WARN: Creating socket for 'host.docker.internal:9003', poll success, but error: Operation in progress (29).
[8] [Step Debug] ERR: Could not connect to debugging client. Tried: host.docker.internal:9003 (through xdebug.client_host/xdebug.client_port) :-(
[8] [Step Debug] INFO: Connecting to configured address/port: host.docker.internal:9003.
[8] [Step Debug] WARN: Creating socket for 'host.docker.internal:9003', poll success, but error: Operation in progress (29).
[8] [Step Debug] ERR: Could not connect to debugging client. Tried: host.docker.internal:9003 (through xdebug.client_host/xdebug.client_port) :-(
[8] [Step Debug] INFO: Connecting to configured address/port: host.docker.internal:9003.
[8] [Step Debug] WARN: Creating socket for 'host.docker.internal:9003', poll success, but error: Operation in progress (29).
[8] [Step Debug] ERR: Could not connect to debugging client. Tried: host.docker.internal:9003 (through xdebug.client_host/xdebug.client_port) :-(
[8] Log closed at 2022-07-02 16:34:09.563171

[7] [Step Debug] INFO: Connecting to configured address/port: host.docker.internal:9003.
[7] [Step Debug] WARN: Creating socket for 'host.docker.internal:9003', poll success, but error: Operation in progress (29).
[7] [Step Debug] ERR: Could not connect to debugging client. Tried: host.docker.internal:9003 (through xdebug.client_host/xdebug.client_port) :-(
[7] [Step Debug] INFO: Connecting to configured address/port: host.docker.internal:9003.
[7] [Step Debug] WARN: Creating socket for 'host.docker.internal:9003', poll success, but error: Operation in progress (29).
[7] [Step Debug] ERR: Could not connect to debugging client. Tried: host.docker.internal:9003 (through xdebug.client_host/xdebug.client_port) :-(
[7] [Step Debug] INFO: Connecting to configured address/port: host.docker.internal:9003.
[7] [Step Debug] WARN: Creating socket for 'host.docker.internal:9003', poll success, but error: Operation in progress (29).
[7] [Step Debug] ERR: Could not connect to debugging client. Tried: host.docker.internal:9003 (through xdebug.client_host/xdebug.client_port) :-(
[7] [Step Debug] INFO: Connecting to configured address/port: host.docker.internal:9003.
[7] [Step Debug] WARN: Creating socket for 'host.docker.internal:9003', poll success, but error: Operation in progress (29).
[7] [Step Debug] ERR: Could not connect to debugging client. Tried: host.docker.internal:9003 (through xdebug.client_host/xdebug.client_port) :-(
[7] [Step Debug] INFO: Connecting to configured address/port: host.docker.internal:9003.
[7] [Step Debug] WARN: Creating socket for 'host.docker.internal:9003', poll success, but error: Operation in progress (29).
[7] [Step Debug] ERR: Could not connect to debugging client. Tried: host.docker.internal:9003 (through xdebug.client_host/xdebug.client_port) :-(
[7] [Step Debug] INFO: Connecting to configured address/port: host.docker.internal:9003.
[7] [Step Debug] WARN: Creating socket for 'host.docker.internal:9003', poll success, but error: Operation in progress (29).
[7] [Step Debug] ERR: Could not connect to debugging client. Tried: host.docker.internal:9003 (through xdebug.client_host/xdebug.client_port) :-(
[7] [Step Debug] INFO: Connecting to configured address/port: host.docker.internal:9003.
[7] [Step Debug] WARN: Creating socket for 'host.docker.internal:9003', poll success, but error: Operation in progress (29).
[7] [Step Debug] ERR: Could not connect to debugging client. Tried: host.docker.internal:9003 (through xdebug.client_host/xdebug.client_port) :-(
[7] [Step Debug] INFO: Connecting to configured address/port: host.docker.internal:9003.
[7] [Step Debug] WARN: Creating socket for 'host.docker.internal:9003', poll success, but error: Operation in progress (29).
[7] [Step Debug] ERR: Could not connect to debugging client. Tried: host.docker.internal:9003 (through xdebug.client_host/xdebug.client_port) :-(
[7] Log closed at 2022-07-02 16:34:10.744500

[10] Log opened at 2022-07-02 16:35:02.095961
[10] [Step Debug] INFO: Connecting to configured address/port: host.docker.internal:9003.
[10] [Step Debug] WARN: Creating socket for 'host.docker.internal:9003', poll success, but error: Operation in progress (29).
[10] [Step Debug] ERR: Could not connect to debugging client. Tried: host.docker.internal:9003 (through xdebug.client_host/xdebug.client_port) :-(
[10] [Step Debug] INFO: Connecting to configured address/port: host.docker.internal:9003.
[10] [Step Debug] WARN: Creating socket for 'host.docker.internal:9003', poll success, but error: Operation in progress (29).
[10] [Step Debug] ERR: Could not connect to debugging client. Tried: host.docker.internal:9003 (through xdebug.client_host/xdebug.client_port) :-(
[10] [Step Debug] INFO: Connecting to configured address/port: host.docker.internal:9003.
[10] [Step Debug] WARN: Creating socket for 'host.docker.internal:9003', poll success, but error: Operation in progress (29).
[10] [Step Debug] ERR: Could not connect to debugging client. Tried: host.docker.internal:9003 (through xdebug.client_host/xdebug.client_port) :-(
[10] [Step Debug] INFO: Connecting to configured address/port: host.docker.internal:9003.
[10] [Step Debug] WARN: Creating socket for 'host.docker.internal:9003', poll success, but error: Operation in progress (29).
[10] [Step Debug] ERR: Could not connect to debugging client. Tried: host.docker.internal:9003 (through xdebug.client_host/xdebug.client_port) :-(
[10] [Step Debug] INFO: Connecting to configured address/port: host.docker.internal:9003.
[10] [Step Debug] WARN: Creating socket for 'host.docker.internal:9003', poll success, but error: Operation in progress (29).
[10] [Step Debug] ERR: Could not connect to debugging client. Tried: host.docker.internal:9003 (through xdebug.client_host/xdebug.client_port) :-(
[10] [Step Debug] INFO: Connecting to configured address/port: host.docker.internal:9003.
[10] [Step Debug] WARN: Creating socket for 'host.docker.internal:9003', poll success, but error: Operation in progress (29).
[10] [Step Debug] ERR: Could not connect to debugging client. Tried: host.docker.internal:9003 (through xdebug.client_host/xdebug.client_port) :-(
[10] [Step Debug] INFO: Connecting to configured address/port: host.docker.internal:9003.
[10] [Step Debug] WARN: Creating socket for 'host.docker.internal:9003', poll success, but error: Operation in progress (29).
[10] [Step Debug] ERR: Could not connect to debugging client. Tried: host.docker.internal:9003 (through xdebug.client_host/xdebug.client_port) :-(
[10] [Step Debug] INFO: Connecting to configured address/port: host.docker.internal:9003.
[10] [Step Debug] WARN: Creating socket for 'host.docker.internal:9003', poll success, but error: Operation in progress (29).
[10] [Step Debug] ERR: Could not connect to debugging client. Tried: host.docker.internal:9003 (through xdebug.client_host/xdebug.client_port) :-(
[10] [Step Debug] INFO: Connecting to configured address/port: host.docker.internal:9003.
[10] [Step Debug] WARN: Creating socket for 'host.docker.internal:9003', poll success, but error: Operation in progress (29).
[10] [Step Debug] ERR: Could not connect to debugging client. Tried: host.docker.internal:9003 (through xdebug.client_host/xdebug.client_port) :-(
[10] Log closed at 2022-07-02 16:35:06.533126

[1] [Step Debug] INFO: Connecting to configured address/port: host.docker.internal:9003.
[1] [Step Debug] WARN: Creating socket for 'host.docker.internal:9003', poll success, but error: Operation in progress (29).
[1] [Step Debug] ERR: Could not connect to debugging client. Tried: host.docker.internal:9003 (through xdebug.client_host/xdebug.client_port) :-(
[1] [Step Debug] INFO: Connecting to configured address/port: host.docker.internal:9003.
[1] [Step Debug] WARN: Creating socket for 'host.docker.internal:9003', poll success, but error: Operation in progress (29).
[1] [Step Debug] ERR: Could not connect to debugging client. Tried: host.docker.internal:9003 (through xdebug.client_host/xdebug.client_port) :-(
[1] [Step Debug] INFO: Connecting to configured address/port: host.docker.internal:9003.
[1] [Step Debug] WARN: Creating socket for 'host.docker.internal:9003', poll success, but error: Operation in progress (29).
[1] [Step Debug] ERR: Could not connect to debugging client. Tried: host.docker.internal:9003 (through xdebug.client_host/xdebug.client_port) :-(
[1] [Step Debug] INFO: Connecting to configured address/port: host.docker.internal:9003.
[1] [Step Debug] WARN: Creating socket for 'host.docker.internal:9003', poll success, but error: Operation in progress (29).
[1] [Step Debug] ERR: Could not connect to debugging client. Tried: host.docker.internal:9003 (through xdebug.client_host/xdebug.client_port) :-(
[1] [Step Debug] INFO: Connecting to configured address/port: host.docker.internal:9003.
[1] [Step Debug] WARN: Creating socket for 'host.docker.internal:9003', poll success, but error: Operation in progress (29).
[1] [Step Debug] ERR: Could not connect to debugging client. Tried: host.docker.internal:9003 (through xdebug.client_host/xdebug.client_port) :-(
[1] [Step Debug] INFO: Connecting to configured address/port: host.docker.internal:9003.
[1] [Step Debug] WARN: Creating socket for 'host.docker.internal:9003', poll success, but error: Operation in progress (29).
[1] [Step Debug] ERR: Could not connect to debugging client. Tried: host.docker.internal:9003 (through xdebug.client_host/xdebug.client_port) :-(
[1] Log closed at 2022-07-02 16:35:10.617085

[1] Log opened at 2022-07-02 16:35:16.172566
[1] [Step Debug] INFO: Connecting to configured address/port: host.docker.internal:9003.
[1] [Step Debug] WARN: Creating socket for 'host.docker.internal:9003', poll success, but error: Operation in progress (29).
[1] [Step Debug] ERR: Could not connect to debugging client. Tried: host.docker.internal:9003 (through xdebug.client_host/xdebug.client_port) :-(
[1] Log opened at 2022-07-02 16:35:16.800040
[1] [Step Debug] INFO: Connecting to configured address/port: host.docker.internal:9003.
[1] [Step Debug] WARN: Creating socket for 'host.docker.internal:9003', poll success, but error: Operation in progress (29).
[1] [Step Debug] ERR: Could not connect to debugging client. Tried: host.docker.internal:9003 (through xdebug.client_host/xdebug.client_port) :-(
[1] [Step Debug] INFO: Connecting to configured address/port: host.docker.internal:9003.
[1] [Step Debug] WARN: Creating socket for 'host.docker.internal:9003', poll success, but error: Operation in progress (29).
[1] [Step Debug] ERR: Could not connect to debugging client. Tried: host.docker.internal:9003 (through xdebug.client_host/xdebug.client_port) :-(
[1] [Step Debug] INFO: Connecting to configured address/port: host.docker.internal:9003.
[1] [Step Debug] WARN: Creating socket for 'host.docker.internal:9003', poll success, but error: Operation in progress (29).
[1] [Step Debug] ERR: Could not connect to debugging client. Tried: host.docker.internal:9003 (through xdebug.client_host/xdebug.client_port) :-(
[1] [Step Debug] INFO: Connecting to configured address/port: host.docker.internal:9003.
[1] [Step Debug] WARN: Creating socket for 'host.docker.internal:9003', poll success, but error: Operation in progress (29).
[1] [Step Debug] ERR: Could not connect to debugging client. Tried: host.docker.internal:9003 (through xdebug.client_host/xdebug.client_port) :-(
[1] [Step Debug] INFO: Connecting to configured address/port: host.docker.internal:9003.
[1] [Step Debug] WARN: Creating socket for 'host.docker.internal:9003', poll success, but error: Operation in progress (29).
[1] [Step Debug] ERR: Could not connect to debugging client. Tried: host.docker.internal:9003 (through xdebug.client_host/xdebug.client_port) :-(
[1] [Step Debug] INFO: Connecting to configured address/port: host.docker.internal:9003.
[1] [Step Debug] WARN: Creating socket for 'host.docker.internal:9003', poll success, but error: Operation in progress (29).
[1] [Step Debug] ERR: Could not connect to debugging client. Tried: host.docker.internal:9003 (through xdebug.client_host/xdebug.client_port) :-(
[1] Log closed at 2022-07-02 16:35:17.464659

[1] [Step Debug] INFO: Connecting to configured address/port: host.docker.internal:9003.
[1] [Step Debug] WARN: Creating socket for 'host.docker.internal:9003', poll success, but error: Operation in progress (29).
[1] [Step Debug] ERR: Could not connect to debugging client. Tried: host.docker.internal:9003 (through xdebug.client_host/xdebug.client_port) :-(
[1] [Step Debug] INFO: Connecting to configured address/port: host.docker.internal:9003.
[1] [Step Debug] WARN: Creating socket for 'host.docker.internal:9003', poll success, but error: Operation in progress (29).
[1] [Step Debug] ERR: Could not connect to debugging client. Tried: host.docker.internal:9003 (through xdebug.client_host/xdebug.client_port) :-(
[1] [Step Debug] INFO: Connecting to configured address/port: host.docker.internal:9003.
[1] [Step Debug] WARN: Creating socket for 'host.docker.internal:9003', poll success, but error: Operation in progress (29).
[1] [Step Debug] ERR: Could not connect to debugging client. Tried: host.docker.internal:9003 (through xdebug.client_host/xdebug.client_port) :-(
[1] [Step Debug] INFO: Connecting to configured address/port: host.docker.internal:9003.
[1] [Step Debug] WARN: Creating socket for 'host.docker.internal:9003', poll success, but error: Operation in progress (29).
[1] [Step Debug] ERR: Could not connect to debugging client. Tried: host.docker.internal:9003 (through xdebug.client_host/xdebug.client_port) :-(
[1] [Step Debug] INFO: Connecting to configured address/port: host.docker.internal:9003.
[1] [Step Debug] WARN: Creating socket for 'host.docker.internal:9003', poll success, but error: Operation in progress (29).
[1] [Step Debug] ERR: Could not connect to debugging client. Tried: host.docker.internal:9003 (through xdebug.client_host/xdebug.client_port) :-(
[1] [Step Debug] INFO: Connecting to configured address/port: host.docker.internal:9003.
[1] [Step Debug] WARN: Creating socket for 'host.docker.internal:9003', poll success, but error: Operation in progress (29).
[1] [Step Debug] ERR: Could not connect to debugging client. Tried: host.docker.internal:9003 (through xdebug.client_host/xdebug.client_port) :-(
[1] [Step Debug] INFO: Connecting to configured address/port: host.docker.internal:9003.
[1] [Step Debug] WARN: Creating socket for 'host.docker.internal:9003', poll success, but error: Operation in progress (29).
[1] [Step Debug] ERR: Could not connect to debugging client. Tried: host.docker.internal:9003 (through xdebug.client_host/xdebug.client_port) :-(
[1] Log closed at 2022-07-02 16:35:18.048079

[1] Log opened at 2022-07-02 16:35:20.575292
[1] [Step Debug] INFO: Connecting to configured address/port: host.docker.internal:9003.
[1] [Step Debug] WARN: Creating socket for 'host.docker.internal:9003', poll success, but error: Operation in progress (29).
[1] [Step Debug] ERR: Could not connect to debugging client. Tried: host.docker.internal:9003 (through xdebug.client_host/xdebug.client_port) :-(
[1] Log opened at 2022-07-02 16:35:21.180667
[1] [Step Debug] INFO: Connecting to configured address/port: host.docker.internal:9003.
[1] [Step Debug] WARN: Creating socket for 'host.docker.internal:9003', poll success, but error: Operation in progress (29).
[1] [Step Debug] ERR: Could not connect to debugging client. Tried: host.docker.internal:9003 (through xdebug.client_host/xdebug.client_port) :-(
[1] [Step Debug] INFO: Connecting to configured address/port: host.docker.internal:9003.
[1] [Step Debug] WARN: Creating socket for 'host.docker.internal:9003', poll success, but error: Operation in progress (29).
[1] [Step Debug] ERR: Could not connect to debugging client. Tried: host.docker.internal:9003 (through xdebug.client_host/xdebug.client_port) :-(
[1] [Step Debug] INFO: Connecting to configured address/port: host.docker.internal:9003.
[1] [Step Debug] WARN: Creating socket for 'host.docker.internal:9003', poll success, but error: Operation in progress (29).
[1] [Step Debug] ERR: Could not connect to debugging client. Tried: host.docker.internal:9003 (through xdebug.client_host/xdebug.client_port) :-(
[1] [Step Debug] INFO: Connecting to configured address/port: host.docker.internal:9003.
[1] [Step Debug] WARN: Creating socket for 'host.docker.internal:9003', poll success, but error: Operation in progress (29).
[1] [Step Debug] ERR: Could not connect to debugging client. Tried: host.docker.internal:9003 (through xdebug.client_host/xdebug.client_port) :-(
[1] [Step Debug] INFO: Connecting to configured address/port: host.docker.internal:9003.
[1] [Step Debug] WARN: Creating socket for 'host.docker.internal:9003', poll success, but error: Operation in progress (29).
[1] [Step Debug] ERR: Could not connect to debugging client. Tried: host.docker.internal:9003 (through xdebug.client_host/xdebug.client_port) :-(
[1] [Step Debug] INFO: Connecting to configured address/port: host.docker.internal:9003.
[1] [Step Debug] WARN: Creating socket for 'host.docker.internal:9003', poll success, but error: Operation in progress (29).
[1] [Step Debug] ERR: Could not connect to debugging client. Tried: host.docker.internal:9003 (through xdebug.client_host/xdebug.client_port) :-(
[1] Log closed at 2022-07-02 16:35:21.785377

[1] [Step Debug] INFO: Connecting to configured address/port: host.docker.internal:9003.
[1] [Step Debug] WARN: Creating socket for 'host.docker.internal:9003', poll success, but error: Operation in progress (29).
[1] [Step Debug] ERR: Could not connect to debugging client. Tried: host.docker.internal:9003 (through xdebug.client_host/xdebug.client_port) :-(
[1] [Step Debug] INFO: Connecting to configured address/port: host.docker.internal:9003.
[1] [Step Debug] WARN: Creating socket for 'host.docker.internal:9003', poll success, but error: Operation in progress (29).
[1] [Step Debug] ERR: Could not connect to debugging client. Tried: host.docker.internal:9003 (through xdebug.client_host/xdebug.client_port) :-(
[1] [Step Debug] INFO: Connecting to configured address/port: host.docker.internal:9003.
[1] [Step Debug] WARN: Creating socket for 'host.docker.internal:9003', poll success, but error: Operation in progress (29).
[1] [Step Debug] ERR: Could not connect to debugging client. Tried: host.docker.internal:9003 (through xdebug.client_host/xdebug.client_port) :-(
[1] [Step Debug] INFO: Connecting to configured address/port: host.docker.internal:9003.
[1] [Step Debug] WARN: Creating socket for 'host.docker.internal:9003', poll success, but error: Operation in progress (29).
[1] [Step Debug] ERR: Could not connect to debugging client. Tried: host.docker.internal:9003 (through xdebug.client_host/xdebug.client_port) :-(
[1] [Step Debug] INFO: Connecting to configured address/port: host.docker.internal:9003.
[1] [Step Debug] WARN: Creating socket for 'host.docker.internal:9003', poll success, but error: Operation in progress (29).
[1] [Step Debug] ERR: Could not connect to debugging client. Tried: host.docker.internal:9003 (through xdebug.client_host/xdebug.client_port) :-(
[1] Log closed at 2022-07-02 16:35:22.220152

[8] Log opened at 2022-07-02 16:35:25.073234
[8] [Step Debug] INFO: Connecting to configured address/port: host.docker.internal:9003.
[8] [Step Debug] WARN: Creating socket for 'host.docker.internal:9003', poll success, but error: Operation in progress (29).
[8] [Step Debug] ERR: Could not connect to debugging client. Tried: host.docker.internal:9003 (through xdebug.client_host/xdebug.client_port) :-(
[8] [Step Debug] INFO: Connecting to configured address/port: host.docker.internal:9003.
[8] [Step Debug] WARN: Creating socket for 'host.docker.internal:9003', poll success, but error: Operation in progress (29).
[8] [Step Debug] ERR: Could not connect to debugging client. Tried: host.docker.internal:9003 (through xdebug.client_host/xdebug.client_port) :-(
[8] [Step Debug] INFO: Connecting to configured address/port: host.docker.internal:9003.
[8] [Step Debug] WARN: Creating socket for 'host.docker.internal:9003', poll success, but error: Operation in progress (29).
[8] [Step Debug] ERR: Could not connect to debugging client. Tried: host.docker.internal:9003 (through xdebug.client_host/xdebug.client_port) :-(
[8] [Step Debug] INFO: Connecting to configured address/port: host.docker.internal:9003.
[8] [Step Debug] WARN: Creating socket for 'host.docker.internal:9003', poll success, but error: Operation in progress (29).
[8] [Step Debug] ERR: Could not connect to debugging client. Tried: host.docker.internal:9003 (through xdebug.client_host/xdebug.client_port) :-(
[8] [Step Debug] INFO: Connecting to configured address/port: host.docker.internal:9003.
[8] [Step Debug] WARN: Creating socket for 'host.docker.internal:9003', poll success, but error: Operation in progress (29).
[8] [Step Debug] ERR: Could not connect to debugging client. Tried: host.docker.internal:9003 (through xdebug.client_host/xdebug.client_port) :-(
[8] [Step Debug] INFO: Connecting to configured address/port: host.docker.internal:9003.
[8] [Step Debug] WARN: Creating socket for 'host.docker.internal:9003', poll success, but error: Operation in progress (29).
[8] [Step Debug] ERR: Could not connect to debugging client. Tried: host.docker.internal:9003 (through xdebug.client_host/xdebug.client_port) :-(
[8] [Step Debug] INFO: Connecting to configured address/port: host.docker.internal:9003.
[8] [Step Debug] WARN: Creating socket for 'host.docker.internal:9003', poll success, but error: Operation in progress (29).
[8] [Step Debug] ERR: Could not connect to debugging client. Tried: host.docker.internal:9003 (through xdebug.client_host/xdebug.client_port) :-(
[8] [Step Debug] INFO: Connecting to configured address/port: host.docker.internal:9003.
[8] [Step Debug] WARN: Creating socket for 'host.docker.internal:9003', poll success, but error: Operation in progress (29).
[8] [Step Debug] ERR: Could not connect to debugging client. Tried: host.docker.internal:9003 (through xdebug.client_host/xdebug.client_port) :-(
[8] [Step Debug] INFO: Connecting to configured address/port: host.docker.internal:9003.
[8] [Step Debug] WARN: Creating socket for 'host.docker.internal:9003', poll success, but error: Operation in progress (29).
[8] [Step Debug] ERR: Could not connect to debugging client. Tried: host.docker.internal:9003 (through xdebug.client_host/xdebug.client_port) :-(
[8] Log closed at 2022-07-02 16:35:28.222632

[7] Log opened at 2022-07-02 16:36:02.391435
[7] [Step Debug] INFO: Connecting to configured address/port: host.docker.internal:9003.
[7] [Step Debug] WARN: Creating socket for 'host.docker.internal:9003', poll success, but error: Operation in progress (29).
[7] [Step Debug] ERR: Could not connect to debugging client. Tried: host.docker.internal:9003 (through xdebug.client_host/xdebug.client_port) :-(
[7] [Step Debug] INFO: Connecting to configured address/port: host.docker.internal:9003.
[7] [Step Debug] WARN: Creating socket for 'host.docker.internal:9003', poll success, but error: Operation in progress (29).
[7] [Step Debug] ERR: Could not connect to debugging client. Tried: host.docker.internal:9003 (through xdebug.client_host/xdebug.client_port) :-(
[7] [Step Debug] INFO: Connecting to configured address/port: host.docker.internal:9003.
[7] [Step Debug] WARN: Creating socket for 'host.docker.internal:9003', poll success, but error: Operation in progress (29).
[7] [Step Debug] ERR: Could not connect to debugging client. Tried: host.docker.internal:9003 (through xdebug.client_host/xdebug.client_port) :-(
[7] [Step Debug] INFO: Connecting to configured address/port: host.docker.internal:9003.
[7] [Step Debug] WARN: Creating socket for 'host.docker.internal:9003', poll success, but error: Operation in progress (29).
[7] [Step Debug] ERR: Could not connect to debugging client. Tried: host.docker.internal:9003 (through xdebug.client_host/xdebug.client_port) :-(
[7] [Step Debug] INFO: Connecting to configured address/port: host.docker.internal:9003.
[7] [Step Debug] WARN: Creating socket for 'host.docker.internal:9003', poll success, but error: Operation in progress (29).
[7] [Step Debug] ERR: Could not connect to debugging client. Tried: host.docker.internal:9003 (through xdebug.client_host/xdebug.client_port) :-(
[7] [Step Debug] INFO: Connecting to configured address/port: host.docker.internal:9003.
[7] [Step Debug] WARN: Creating socket for 'host.docker.internal:9003', poll success, but error: Operation in progress (29).
[7] [Step Debug] ERR: Could not connect to debugging client. Tried: host.docker.internal:9003 (through xdebug.client_host/xdebug.client_port) :-(
[7] [Step Debug] INFO: Connecting to configured address/port: host.docker.internal:9003.
[7] [Step Debug] WARN: Creating socket for 'host.docker.internal:9003', poll success, but error: Operation in progress (29).
[7] [Step Debug] ERR: Could not connect to debugging client. Tried: host.docker.internal:9003 (through xdebug.client_host/xdebug.client_port) :-(
[7] [Step Debug] INFO: Connecting to configured address/port: host.docker.internal:9003.
[7] [Step Debug] WARN: Creating socket for 'host.docker.internal:9003', poll success, but error: Operation in progress (29).
[7] [Step Debug] ERR: Could not connect to debugging client. Tried: host.docker.internal:9003 (through xdebug.client_host/xdebug.client_port) :-(
[7] [Step Debug] INFO: Connecting to configured address/port: host.docker.internal:9003.
[7] [Step Debug] WARN: Creating socket for 'host.docker.internal:9003', poll success, but error: Operation in progress (29).
[7] [Step Debug] ERR: Could not connect to debugging client. Tried: host.docker.internal:9003 (through xdebug.client_host/xdebug.client_port) :-(
[7] Log closed at 2022-07-02 16:36:05.090499

[10] Log opened at 2022-07-02 16:36:20.379715
[10] [Step Debug] INFO: Connecting to configured address/port: host.docker.internal:9003.
[10] [Step Debug] WARN: Creating socket for 'host.docker.internal:9003', poll success, but error: Operation in progress (29).
[10] [Step Debug] ERR: Could not connect to debugging client. Tried: host.docker.internal:9003 (through xdebug.client_host/xdebug.client_port) :-(
[10] [Step Debug] INFO: Connecting to configured address/port: host.docker.internal:9003.
[10] [Step Debug] WARN: Creating socket for 'host.docker.internal:9003', poll success, but error: Operation in progress (29).
[10] [Step Debug] ERR: Could not connect to debugging client. Tried: host.docker.internal:9003 (through xdebug.client_host/xdebug.client_port) :-(
[10] [Step Debug] INFO: Connecting to configured address/port: host.docker.internal:9003.
[10] [Step Debug] WARN: Creating socket for 'host.docker.internal:9003', poll success, but error: Operation in progress (29).
[10] [Step Debug] ERR: Could not connect to debugging client. Tried: host.docker.internal:9003 (through xdebug.client_host/xdebug.client_port) :-(
[10] [Step Debug] INFO: Connecting to configured address/port: host.docker.internal:9003.
[10] [Step Debug] WARN: Creating socket for 'host.docker.internal:9003', poll success, but error: Operation in progress (29).
[10] [Step Debug] ERR: Could not connect to debugging client. Tried: host.docker.internal:9003 (through xdebug.client_host/xdebug.client_port) :-(
[10] [Step Debug] INFO: Connecting to configured address/port: host.docker.internal:9003.
[10] [Step Debug] WARN: Creating socket for 'host.docker.internal:9003', poll success, but error: Operation in progress (29).
[10] [Step Debug] ERR: Could not connect to debugging client. Tried: host.docker.internal:9003 (through xdebug.client_host/xdebug.client_port) :-(
[10] [Step Debug] INFO: Connecting to configured address/port: host.docker.internal:9003.
[10] [Step Debug] WARN: Creating socket for 'host.docker.internal:9003', poll success, but error: Operation in progress (29).
[10] [Step Debug] ERR: Could not connect to debugging client. Tried: host.docker.internal:9003 (through xdebug.client_host/xdebug.client_port) :-(
[10] [Step Debug] INFO: Connecting to configured address/port: host.docker.internal:9003.
[10] [Step Debug] WARN: Creating socket for 'host.docker.internal:9003', poll success, but error: Operation in progress (29).
[10] [Step Debug] ERR: Could not connect to debugging client. Tried: host.docker.internal:9003 (through xdebug.client_host/xdebug.client_port) :-(
[10] [Step Debug] INFO: Connecting to configured address/port: host.docker.internal:9003.
[10] [Step Debug] WARN: Creating socket for 'host.docker.internal:9003', poll success, but error: Operation in progress (29).
[10] [Step Debug] ERR: Could not connect to debugging client. Tried: host.docker.internal:9003 (through xdebug.client_host/xdebug.client_port) :-(
[10] [Step Debug] INFO: Connecting to configured address/port: host.docker.internal:9003.
[10] [Step Debug] WARN: Creating socket for 'host.docker.internal:9003', poll success, but error: Operation in progress (29).
[10] [Step Debug] ERR: Could not connect to debugging client. Tried: host.docker.internal:9003 (through xdebug.client_host/xdebug.client_port) :-(
[10] Log closed at 2022-07-02 16:36:22.616074

[8] Log opened at 2022-07-02 16:37:22.013821
[8] [Step Debug] INFO: Connecting to configured address/port: host.docker.internal:9003.
[8] [Step Debug] WARN: Creating socket for 'host.docker.internal:9003', poll success, but error: Operation in progress (29).
[8] [Step Debug] ERR: Could not connect to debugging client. Tried: host.docker.internal:9003 (through xdebug.client_host/xdebug.client_port) :-(
[8] [Step Debug] INFO: Connecting to configured address/port: host.docker.internal:9003.
[8] [Step Debug] WARN: Creating socket for 'host.docker.internal:9003', poll success, but error: Operation in progress (29).
[8] [Step Debug] ERR: Could not connect to debugging client. Tried: host.docker.internal:9003 (through xdebug.client_host/xdebug.client_port) :-(
[8] [Step Debug] INFO: Connecting to configured address/port: host.docker.internal:9003.
[8] [Step Debug] WARN: Creating socket for 'host.docker.internal:9003', poll success, but error: Operation in progress (29).
[8] [Step Debug] ERR: Could not connect to debugging client. Tried: host.docker.internal:9003 (through xdebug.client_host/xdebug.client_port) :-(
[8] [Step Debug] INFO: Connecting to configured address/port: host.docker.internal:9003.
[8] [Step Debug] WARN: Creating socket for 'host.docker.internal:9003', poll success, but error: Operation in progress (29).
[8] [Step Debug] ERR: Could not connect to debugging client. Tried: host.docker.internal:9003 (through xdebug.client_host/xdebug.client_port) :-(
[8] [Step Debug] INFO: Connecting to configured address/port: host.docker.internal:9003.
[8] [Step Debug] WARN: Creating socket for 'host.docker.internal:9003', poll success, but error: Operation in progress (29).
[8] [Step Debug] ERR: Could not connect to debugging client. Tried: host.docker.internal:9003 (through xdebug.client_host/xdebug.client_port) :-(
[8] [Step Debug] INFO: Connecting to configured address/port: host.docker.internal:9003.
[8] [Step Debug] WARN: Creating socket for 'host.docker.internal:9003', poll success, but error: Operation in progress (29).
[8] [Step Debug] ERR: Could not connect to debugging client. Tried: host.docker.internal:9003 (through xdebug.client_host/xdebug.client_port) :-(
[8] [Step Debug] INFO: Connecting to configured address/port: host.docker.internal:9003.
[8] [Step Debug] WARN: Creating socket for 'host.docker.internal:9003', poll success, but error: Operation in progress (29).
[8] [Step Debug] ERR: Could not connect to debugging client. Tried: host.docker.internal:9003 (through xdebug.client_host/xdebug.client_port) :-(
[8] [Step Debug] INFO: Connecting to configured address/port: host.docker.internal:9003.
[8] [Step Debug] WARN: Creating socket for 'host.docker.internal:9003', poll success, but error: Operation in progress (29).
[8] [Step Debug] ERR: Could not connect to debugging client. Tried: host.docker.internal:9003 (through xdebug.client_host/xdebug.client_port) :-(
[8] [Step Debug] INFO: Connecting to configured address/port: host.docker.internal:9003.
[8] [Step Debug] WARN: Creating socket for 'host.docker.internal:9003', poll success, but error: Operation in progress (29).
[8] [Step Debug] ERR: Could not connect to debugging client. Tried: host.docker.internal:9003 (through xdebug.client_host/xdebug.client_port) :-(
[8] Log closed at 2022-07-02 16:37:24.198891

[7] Log opened at 2022-07-02 16:37:47.659694
[7] [Step Debug] INFO: Connecting to configured address/port: host.docker.internal:9003.
[7] [Step Debug] WARN: Creating socket for 'host.docker.internal:9003', poll success, but error: Operation in progress (29).
[7] [Step Debug] ERR: Could not connect to debugging client. Tried: host.docker.internal:9003 (through xdebug.client_host/xdebug.client_port) :-(
[7] [Step Debug] INFO: Connecting to configured address/port: host.docker.internal:9003.
[7] [Step Debug] WARN: Creating socket for 'host.docker.internal:9003', poll success, but error: Operation in progress (29).
[7] [Step Debug] ERR: Could not connect to debugging client. Tried: host.docker.internal:9003 (through xdebug.client_host/xdebug.client_port) :-(
[7] [Step Debug] INFO: Connecting to configured address/port: host.docker.internal:9003.
[7] [Step Debug] WARN: Creating socket for 'host.docker.internal:9003', poll success, but error: Operation in progress (29).
[7] [Step Debug] ERR: Could not connect to debugging client. Tried: host.docker.internal:9003 (through xdebug.client_host/xdebug.client_port) :-(
[7] [Step Debug] INFO: Connecting to configured address/port: host.docker.internal:9003.
[7] [Step Debug] WARN: Creating socket for 'host.docker.internal:9003', poll success, but error: Operation in progress (29).
[7] [Step Debug] ERR: Could not connect to debugging client. Tried: host.docker.internal:9003 (through xdebug.client_host/xdebug.client_port) :-(
[7] [Step Debug] INFO: Connecting to configured address/port: host.docker.internal:9003.
[7] [Step Debug] WARN: Creating socket for 'host.docker.internal:9003', poll success, but error: Operation in progress (29).
[7] [Step Debug] ERR: Could not connect to debugging client. Tried: host.docker.internal:9003 (through xdebug.client_host/xdebug.client_port) :-(
[7] [Step Debug] INFO: Connecting to configured address/port: host.docker.internal:9003.
[7] [Step Debug] WARN: Creating socket for 'host.docker.internal:9003', poll success, but error: Operation in progress (29).
[7] [Step Debug] ERR: Could not connect to debugging client. Tried: host.docker.internal:9003 (through xdebug.client_host/xdebug.client_port) :-(
[7] [Step Debug] INFO: Connecting to configured address/port: host.docker.internal:9003.
[7] [Step Debug] WARN: Creating socket for 'host.docker.internal:9003', poll success, but error: Operation in progress (29).
[7] [Step Debug] ERR: Could not connect to debugging client. Tried: host.docker.internal:9003 (through xdebug.client_host/xdebug.client_port) :-(
[7] [Step Debug] INFO: Connecting to configured address/port: host.docker.internal:9003.
[7] [Step Debug] WARN: Creating socket for 'host.docker.internal:9003', poll success, but error: Operation in progress (29).
[7] [Step Debug] ERR: Could not connect to debugging client. Tried: host.docker.internal:9003 (through xdebug.client_host/xdebug.client_port) :-(
[7] Log closed at 2022-07-02 16:37:49.579655

